<?xml version="1.0" encoding="UTF-8"?>
<testsuite xmlns:xsi="http://www.w3.org/2001/XMLSchema-instance" xsi:noNamespaceSchemaLocation="https://maven.apache.org/surefire/maven-surefire-plugin/xsd/surefire-test-report.xsd" name="com.qfjy.AppTest" time="0.02" tests="1" errors="0" skipped="0" failures="0">
  <properties>
    <property name="sun.desktop" value="windows"/>
    <property name="awt.toolkit" value="sun.awt.windows.WToolkit"/>
    <property name="file.encoding.pkg" value="sun.io"/>
    <property name="java.specification.version" value="1.8"/>
    <property name="sun.cpu.isalist" value="amd64"/>
    <property name="sun.jnu.encoding" value="GBK"/>
    <property name="java.class.path" value="G:\JavaDemo\Dubbo\demo02\boot-interface-api\target\test-classes;G:\JavaDemo\Dubbo\demo02\boot-interface-api\target\classes;F:\javaSoftware\apache-maven-3.5.2\maven_repository\junit\junit\4.11\junit-4.11.jar;F:\javaSoftware\apache-maven-3.5.2\maven_repository\org\hamcrest\hamcrest-core\1.3\hamcrest-core-1.3.jar;F:\javaSoftware\apache-maven-3.5.2\maven_repository\org\projectlombok\lombok\1.18.10\lombok-1.18.10.jar;"/>
    <property name="java.vm.vendor" value="Oracle Corporation"/>
    <property name="sun.arch.data.model" value="64"/>
    <property name="user.variant" value=""/>
    <property name="java.vendor.url" value="http://java.oracle.com/"/>
    <property name="user.timezone" value="Asia/Shanghai"/>
    <property name="java.vm.specification.version" value="1.8"/>
    <property name="os.name" value="Windows 10"/>
    <property name="user.country" value="CN"/>
    <property name="sun.java.launcher" value="SUN_STANDARD"/>
    <property name="sun.boot.library.path" value="F:\java\java8\jdk1.8.0_211\jre\bin"/>
    <property name="sun.java.command" value="C:\Users\ADMINI~1\AppData\Local\Temp\surefire2525080315503848810\surefirebooter6853750085659754049.jar C:\Users\Administrator\AppData\Local\Temp\surefire2525080315503848810 2020-10-22T21-25-40_091-jvmRun1 surefire6526823884795265892tmp surefire_07463398939943751421tmp"/>
    <property name="surefire.test.class.path" value="G:\JavaDemo\Dubbo\demo02\boot-interface-api\target\test-classes;G:\JavaDemo\Dubbo\demo02\boot-interface-api\target\classes;F:\javaSoftware\apache-maven-3.5.2\maven_repository\junit\junit\4.11\junit-4.11.jar;F:\javaSoftware\apache-maven-3.5.2\maven_repository\org\hamcrest\hamcrest-core\1.3\hamcrest-core-1.3.jar;F:\javaSoftware\apache-maven-3.5.2\maven_repository\org\projectlombok\lombok\1.18.10\lombok-1.18.10.jar;"/>
    <property name="sun.cpu.endian" value="little"/>
    <property name="user.home" value="C:\Users\Administrator"/>
    <property name="user.language" value="zh"/>
    <property name="java.specification.vendor" value="Oracle Corporation"/>
    <property name="java.home" value="F:\java\java8\jdk1.8.0_211\jre"/>
    <property name="basedir" value="G:\JavaDemo\Dubbo\demo02\boot-interface-api"/>
    <property name="file.separator" value="\"/>
    <property name="line.separator" value="&#10;"/>
    <property name="java.vm.specification.vendor" value="Oracle Corporation"/>
    <property name="java.specification.name" value="Java Platform API Specification"/>
    <property name="java.awt.graphicsenv" value="sun.awt.Win32GraphicsEnvironment"/>
    <property name="surefire.real.class.path" value="C:\Users\ADMINI~1\AppData\Local\Temp\surefire2525080315503848810\surefirebooter6853750085659754049.jar"/>
    <property name="sun.boot.class.path" value="F:\java\java8\jdk1.8.0_211\jre\lib\resources.jar;F:\java\java8\jdk1.8.0_211\jre\lib\rt.jar;F:\java\java8\jdk1.8.0_211\jre\lib\sunrsasign.jar;F:\java\java8\jdk1.8.0_211\jre\lib\jsse.jar;F:\java\java8\jdk1.8.0_211\jre\lib\jce.jar;F:\java\java8\jdk1.8.0_211\jre\lib\charsets.jar;F:\java\java8\jdk1.8.0_211\jre\lib\jfr.jar;F:\java\java8\jdk1.8.0_211\jre\classes"/>
    <property name="user.script" value=""/>
    <property name="sun.management.compiler" value="HotSpot 64-Bit Tiered Compilers"/>
    <property name="java.runtime.version" value="1.8.0_211-b12"/>
    <property name="user.name" value="Administrator"/>
    <property name="path.separator" value=";"/>
    <property name="os.version" value="10.0"/>
    <property name="java.endorsed.dirs" value="F:\java\java8\jdk1.8.0_211\jre\lib\endorsed"/>
    <property name="java.runtime.name" value="Java(TM) SE Runtime Environment"/>
    <property name="file.encoding" value="GBK"/>
    <property name="java.vm.name" value="Java HotSpot(TM) 64-Bit Server VM"/>
    <property name="localRepository" value="F:\javaSoftware\apache-maven-3.5.2\maven_repository"/>
    <property name="java.vendor.url.bug" value="http://bugreport.sun.com/bugreport/"/>
    <property name="java.io.tmpdir" value="C:\Users\ADMINI~1\AppData\Local\Temp\"/>
    <property name="idea.version" value="2018.1.5"/>
    <property name="java.version" value="1.8.0_211"/>
    <property name="user.dir" value="G:\JavaDemo\Dubbo\demo02\boot-interface-api"/>
    <property name="os.arch" value="amd64"/>
    <property name="java.vm.specification.name" value="Java Virtual Machine Specification"/>
    <property name="java.awt.printerjob" value="sun.awt.windows.WPrinterJob"/>
    <property name="sun.os.patch.level" value=""/>
    <property name="java.library.path" value="F:\java\java8\jdk1.8.0_211\jre\bin;C:\windows\Sun\Java\bin;C:\windows\system32;C:\windows;H:\software\java\Oracle-12.2\product\12.2.0\dbhome_1\bin;C:\Program Files (x86)\Common Files\Oracle\Java\javapath;C:\windows\system32;C:\windows;C:\windows\System32\Wbem;C:\windows\System32\WindowsPowerShell\v1.0\;C:\windows\System32\OpenSSH\;C:\Program Files (x86)\NVIDIA Corporation\PhysX\Common;F:\python;F:\python\Scripts;C:\Program Files\NVIDIA Corporation\NVIDIA NvDLISR;F:\java\java8\jdk1.8.0_211\jre\bin;&quot;F:\java\java8\jdk1.8.0_211\bin;&quot;;F:\baidu;C:\Program Files\Microsoft SQL Server\130\Tools\Binn\;F:\MySQL\bin;C:\Program Files (x86)\Graphviz2.38\;F:\javaSoftware\apache-maven-3.5.2\bin;F:\javaSoftware\Git-2.23\Git\cmd;F:\javaSoftware\TortoiseGit-2.4\bin;F:\software\MikTex\miktex\bin\x64\;F:\CTEX\UserData\miktex\bin;F:\CTEX\MiKTeX\miktex\bin;F:\CTEX\CTeX\ctex\bin;F:\CTEX\CTeX\cct\bin;F:\CTEX\CTeX\ty\bin;F:\CTEX\Ghostscript\gs9.05\bin;F:\CTEX\GSview\gsview;F:\CTEX\WinEdt;F:\javaSoftware\elasticsearch-6.4.3\bin;F:\javaSoftware\wkhtmltox\wkhtmltopdf\bin;F:\javaSoftware\svn\bin;F:\java\java8\jdk1.8.0_211\bin;."/>
    <property name="java.vm.info" value="mixed mode"/>
    <property name="java.vendor" value="Oracle Corporation"/>
    <property name="java.vm.version" value="25.211-b12"/>
    <property name="java.ext.dirs" value="F:\java\java8\jdk1.8.0_211\jre\lib\ext;C:\windows\Sun\Java\lib\ext"/>
    <property name="sun.io.unicode.encoding" value="UnicodeLittle"/>
    <property name="java.class.version" value="52.0"/>
  </properties>
  <testcase name="shouldAnswerWithTrue" classname="com.qfjy.AppTest" time="0.001"/>
</testsuite>